
/home/runner/work/exp-dynamic-vibration-absorber-nitk/exp-dynamic-vibration-absorber-nitk/experiment/simulation/js/dpi.js
   6:5   warning  'ctx' is assigned a value but never used          no-unused-vars
   7:10  warning  'fix_dpi' is defined but never used               no-unused-vars
  24:7   warning  'showTooltip' is assigned a value but never used  no-unused-vars
  28:3   warning  'sectionTooltip' is not defined                   no-undef
  29:3   warning  'sectionTooltip' is not defined                   no-undef

/home/runner/work/exp-dynamic-vibration-absorber-nitk/exp-dynamic-vibration-absorber-nitk/experiment/simulation/js/jquery-3.6.0.js
     17:44  warning  'module' is not defined                                                    no-undef
     25:5   warning  'module' is not defined                                                    no-undef
    142:13  warning  'Symbol' is already defined as a built-in global variable                  no-redeclare
    717:22  warning  Unexpected control character(s) in regular expression: \x1f, \x1f          no-control-regex
    779:50  warning  Empty block statement                                                      no-empty
   2185:38  warning  Do not access Object.prototype method 'hasOwnProperty' from target object  no-prototype-builtins
   3205:16  warning  Unnecessary escape character: \/                                           no-useless-escape
   3507:52  warning  Empty block statement                                                      no-empty
   4584:21  warning  Empty block statement                                                      no-empty
   5051:28  warning  Unnecessary escape character: \/                                           no-useless-escape
   5268:19  warning  Empty block statement                                                      no-empty
   6564:25  warning  Empty block statement                                                      no-empty
   9171:17  warning  Empty block statement                                                      no-empty
   9819:28  warning  'urlAnchor.href' is assigned to itself                                     no-self-assign
  10269:17  warning  Empty block statement                                                      no-empty
  11162:39  warning  'define' is not defined                                                    no-undef
  11163:5   warning  'define' is not defined                                                    no-undef

/home/runner/work/exp-dynamic-vibration-absorber-nitk/exp-dynamic-vibration-absorber-nitk/experiment/simulation/js/jquery-ui.js
      9:39  warning  'define' is not defined                                      no-undef
     11:5   warning  'define' is not defined                                      no-undef
     14:13  warning  'jQuery' is not defined                                      no-undef
     21:7   warning  'version' is assigned a value but never used                 no-unused-vars
    797:7   warning  'widget' is assigned a value but never used                  no-unused-vars
    822:19  warning  Unnecessary escape character: \+                             no-useless-escape
    822:21  warning  Unnecessary escape character: \-                             no-useless-escape
   1365:7   warning  'position' is assigned a value but never used                no-unused-vars
   1381:7   warning  'data' is assigned a value but never used                    no-unused-vars
   1410:7   warning  'disableSelection' is assigned a value but never used        no-unused-vars
   1452:23  warning  Unnecessary escape character: \-                             no-useless-escape
   1462:39  warning  Unnecessary escape character: \%                             no-useless-escape
   1462:63  warning  Unnecessary escape character: \%                             no-useless-escape
   1462:87  warning  Unnecessary escape character: \%                             no-useless-escape
   1499:61  warning  Unnecessary escape character: \%                             no-useless-escape
   1499:85  warning  Unnecessary escape character: \%                             no-useless-escape
   2078:29  warning  Empty block statement                                        no-empty
   3120:63  warning  Empty block statement                                        no-empty
   3156:7   warning  'effectsEffectBlind' is assigned a value but never used      no-unused-vars
   3217:7   warning  'effectsEffectBounce' is assigned a value but never used     no-unused-vars
   3309:7   warning  'effectsEffectClip' is assigned a value but never used       no-unused-vars
   3360:7   warning  'effectsEffectDrop' is assigned a value but never used       no-unused-vars
   3418:7   warning  'effectsEffectExplode' is assigned a value but never used    no-unused-vars
   3523:7   warning  'effectsEffectFade' is assigned a value but never used       no-unused-vars
   3560:7   warning  'effectsEffectFold' is assigned a value but never used       no-unused-vars
   3639:7   warning  'effectsEffectHighlight' is assigned a value but never used  no-unused-vars
   3683:7   warning  'effectsEffectSize' is assigned a value but never used       no-unused-vars
   3884:7   warning  'effectsEffectScale' is assigned a value but never used      no-unused-vars
   3929:7   warning  'effectsEffectPuff' is assigned a value but never used       no-unused-vars
   3957:7   warning  'effectsEffectPulsate' is assigned a value but never used    no-unused-vars
   4007:7   warning  'effectsEffectShake' is assigned a value but never used      no-unused-vars
   4062:7   warning  'effectsEffectSlide' is assigned a value but never used      no-unused-vars
   4127:7   warning  'effect' is already defined                                  no-redeclare
   4133:7   warning  'effectsEffectTransfer' is assigned a value but never used   no-unused-vars
   4209:7   warning  'focusable' is assigned a value but never used               no-unused-vars
   4214:7   warning  'form' is assigned a value but never used                    no-unused-vars
   4234:7   warning  'formResetMixin' is assigned a value but never used          no-unused-vars
   4311:22  warning  Unexpected control character(s) in regular expression: \x1f  no-control-regex
   4369:7   warning  'keycode' is assigned a value but never used                 no-unused-vars
   4402:7   warning  'labels' is assigned a value but never used                  no-unused-vars
   4455:7   warning  'scrollParent' is assigned a value but never used            no-unused-vars
   4492:7   warning  'tabbable' is assigned a value but never used                no-unused-vars
   4516:7   warning  'uniqueId' is assigned a value but never used                no-unused-vars
   4558:7   warning  'widgetsAccordion' is assigned a value but never used        no-unused-vars
   5187:7   warning  'safeActiveElement' is assigned a value but never used       no-unused-vars
   5233:7   warning  'widgetsMenu' is assigned a value but never used             no-unused-vars
   5939:13  warning  Unnecessary escape character: \-                             no-useless-escape
   5939:15  warning  Unnecessary escape character: \[                             no-useless-escape
   5939:30  warning  Unnecessary escape character: \^                             no-useless-escape
   6581:30  warning  Unnecessary escape character: \-                             no-useless-escape
   6581:32  warning  Unnecessary escape character: \[                             no-useless-escape
   6581:47  warning  Unnecessary escape character: \^                             no-useless-escape
   6626:7   warning  'widgetsAutocomplete' is assigned a value but never used     no-unused-vars
   6648:7   warning  'widgetsControlgroup' is assigned a value but never used     no-unused-vars
   7239:7   warning  'widgetsCheckboxradio' is assigned a value but never used    no-unused-vars
   7686:7   warning  'widgetsButton' is assigned a value but never used           no-unused-vars
   7921:51  warning  Unnecessary escape character: \-                             no-useless-escape
   8620:23  warning  Empty block statement                                        no-empty
   9326:18  warning  Unexpected constant condition                                no-constant-condition
   9623:27  warning  Unnecessary escape character: \-                             no-useless-escape
  10293:40  warning  Unnecessary escape character: \-                             no-useless-escape
  10295:32  warning  Unnecessary escape character: \-                             no-useless-escape
  10435:35  warning  Unnecessary escape character: \-                             no-useless-escape
  10438:35  warning  Unnecessary escape character: \-                             no-useless-escape
  10603:7   warning  'widgetsDatepicker' is assigned a value but never used       no-unused-vars
  10606:7   warning  'ie' is assigned a value but never used                      no-unused-vars
  10627:7   warning  'widgetsMouse' is assigned a value but never used            no-unused-vars
  10835:7   warning  'plugin' is assigned a value but never used                  no-unused-vars
  10868:7   warning  'safeBlur' is assigned a value but never used                no-unused-vars
  12169:7   warning  'widgetsDraggable' is assigned a value but never used        no-unused-vars
  13428:7   warning  'widgetsResizable' is assigned a value but never used        no-unused-vars
  14383:7   warning  'widgetsDialog' is assigned a value but never used           no-unused-vars
  14902:7   warning  'widgetsDroppable' is assigned a value but never used        no-unused-vars
  14924:7   warning  'widgetsProgressbar' is assigned a value but never used      no-unused-vars
  15081:7   warning  'widgetsSelectable' is assigned a value but never used       no-unused-vars
  15399:7   warning  'widgetsSelectmenu' is assigned a value but never used       no-unused-vars
  16098:7   warning  'widgetsSlider' is assigned a value but never used           no-unused-vars
  16890:7   warning  'widgetsSortable' is assigned a value but never used         no-unused-vars
  17501:33  warning  Unnecessary escape character: \-                             no-useless-escape
  19078:15  warning  'Globalize' is not defined                                   no-undef
  19089:11  warning  'Globalize' is not defined                                   no-undef
  19209:7   warning  'widgetsSpinner' is assigned a value but never used          no-unused-vars
  19265:25  warning  Empty block statement                                        no-empty
  19268:25  warning  Empty block statement                                        no-empty
  19507:38  warning  Unnecessary escape character: \/                             no-useless-escape
  19507:47  warning  Unnecessary escape character: \[                             no-useless-escape
  19507:51  warning  Unnecessary escape character: \^                             no-useless-escape
  20132:7   warning  'widgetsTabs' is assigned a value but never used             no-unused-vars
  20643:7   warning  'widgetsTooltip' is assigned a value but never used          no-unused-vars

/home/runner/work/exp-dynamic-vibration-absorber-nitk/exp-dynamic-vibration-absorber-nitk/experiment/simulation/js/jquery.ui.touch-punch.js
  174:4  warning  'jQuery' is not defined  no-undef

/home/runner/work/exp-dynamic-vibration-absorber-nitk/exp-dynamic-vibration-absorber-nitk/experiment/simulation/js/jquery.ui.touch-punch.min.js
  81:4  warning  'jQuery' is not defined  no-undef

/home/runner/work/exp-dynamic-vibration-absorber-nitk/exp-dynamic-vibration-absorber-nitk/experiment/simulation/js/script.js
   45:10  warning  'startsim' is defined but never used            no-unused-vars
   46:3   warning  'pauseTime' is not defined                      no-undef
   50:10  warning  'simstate' is defined but never used            no-unused-vars
   60:19  warning  'simTimeId' is not defined                      no-undef
   62:5   warning  'pauseTime' is not defined                      no-undef
   69:19  warning  'pauseTime' is not defined                      no-undef
   71:5   warning  'simTimeId' is not defined                      no-undef
   80:3   warning  '$' is not defined                              no-undef
   81:3   warning  '$' is not defined                              no-undef
   82:3   warning  '$' is not defined                              no-undef
   83:3   warning  '$' is not defined                              no-undef
   84:3   warning  '$' is not defined                              no-undef
   85:3   warning  '$' is not defined                              no-undef
   86:3   warning  '$' is not defined                              no-undef
   87:3   warning  '$' is not defined                              no-undef
   88:3   warning  '$' is not defined                              no-undef
   89:3   warning  '$' is not defined                              no-undef
   90:3   warning  '$' is not defined                              no-undef
   91:3   warning  '$' is not defined                              no-undef
   94:3   warning  '$' is not defined                              no-undef
   95:3   warning  '$' is not defined                              no-undef
   97:3   warning  '$' is not defined                              no-undef
   98:5   warning  '$' is not defined                              no-undef
  102:3   warning  '$' is not defined                              no-undef
  103:5   warning  '$' is not defined                              no-undef
  107:3   warning  '$' is not defined                              no-undef
  111:3   warning  '$' is not defined                              no-undef
  112:3   warning  '$' is not defined                              no-undef
  114:3   warning  '$' is not defined                              no-undef
  115:5   warning  '$' is not defined                              no-undef
  119:3   warning  '$' is not defined                              no-undef
  120:5   warning  '$' is not defined                              no-undef
  124:3   warning  '$' is not defined                              no-undef
  128:3   warning  '$' is not defined                              no-undef
  129:3   warning  '$' is not defined                              no-undef
  131:3   warning  '$' is not defined                              no-undef
  132:5   warning  '$' is not defined                              no-undef
  136:3   warning  '$' is not defined                              no-undef
  137:5   warning  '$' is not defined                              no-undef
  141:3   warning  '$' is not defined                              no-undef
  145:3   warning  '$' is not defined                              no-undef
  146:3   warning  '$' is not defined                              no-undef
  148:3   warning  '$' is not defined                              no-undef
  149:5   warning  '$' is not defined                              no-undef
  153:3   warning  '$' is not defined                              no-undef
  154:5   warning  '$' is not defined                              no-undef
  158:3   warning  '$' is not defined                              no-undef
  162:3   warning  '$' is not defined                              no-undef
  163:3   warning  '$' is not defined                              no-undef
  165:3   warning  '$' is not defined                              no-undef
  166:5   warning  '$' is not defined                              no-undef
  170:3   warning  '$' is not defined                              no-undef
  171:5   warning  '$' is not defined                              no-undef
  175:3   warning  '$' is not defined                              no-undef
  179:3   warning  '$' is not defined                              no-undef
  180:3   warning  '$' is not defined                              no-undef
  182:3   warning  '$' is not defined                              no-undef
  183:5   warning  '$' is not defined                              no-undef
  187:3   warning  '$' is not defined                              no-undef
  188:5   warning  '$' is not defined                              no-undef
  192:3   warning  '$' is not defined                              no-undef
  197:3   warning  '$' is not defined                              no-undef
  197:38  warning  '$' is not defined                              no-undef
  198:3   warning  '$' is not defined                              no-undef
  198:38  warning  '$' is not defined                              no-undef
  199:3   warning  '$' is not defined                              no-undef
  199:36  warning  '$' is not defined                              no-undef
  200:3   warning  '$' is not defined                              no-undef
  200:36  warning  '$' is not defined                              no-undef
  201:3   warning  '$' is not defined                              no-undef
  201:36  warning  '$' is not defined                              no-undef
  202:3   warning  '$' is not defined                              no-undef
  202:36  warning  '$' is not defined                              no-undef
  203:7   warning  '$' is not defined                              no-undef
  204:7   warning  '$' is not defined                              no-undef
  205:8   warning  '$' is not defined                              no-undef
  206:8   warning  '$' is not defined                              no-undef
  207:8   warning  '$' is not defined                              no-undef
  208:8   warning  '$' is not defined                              no-undef
  246:5   warning  '$' is not defined                              no-undef
  247:5   warning  '$' is not defined                              no-undef
  248:5   warning  '$' is not defined                              no-undef
  249:5   warning  '$' is not defined                              no-undef
  250:5   warning  '$' is not defined                              no-undef
  251:5   warning  '$' is not defined                              no-undef
  252:5   warning  '$' is not defined                              no-undef
  253:5   warning  '$' is not defined                              no-undef
  254:5   warning  '$' is not defined                              no-undef
  255:5   warning  '$' is not defined                              no-undef
  256:5   warning  '$' is not defined                              no-undef
  257:5   warning  '$' is not defined                              no-undef
  262:5   warning  '$' is not defined                              no-undef
  263:5   warning  '$' is not defined                              no-undef
  264:5   warning  '$' is not defined                              no-undef
  265:5   warning  '$' is not defined                              no-undef
  266:5   warning  '$' is not defined                              no-undef
  267:5   warning  '$' is not defined                              no-undef
  268:5   warning  '$' is not defined                              no-undef
  269:5   warning  '$' is not defined                              no-undef
  270:5   warning  '$' is not defined                              no-undef
  271:5   warning  '$' is not defined                              no-undef
  272:5   warning  '$' is not defined                              no-undef
  273:5   warning  '$' is not defined                              no-undef
  322:7   warning  'originalX' is assigned a value but never used  no-unused-vars
  370:7   warning  'graph1X' is assigned a value but never used    no-unused-vars
  399:7   warning  'mu' is not defined                             no-undef
  400:7   warning  'temp1' is not defined                          no-undef
  401:7   warning  'temp2' is not defined                          no-undef
  402:7   warning  'den' is not defined                            no-undef
  402:19  warning  'mu' is not defined                             no-undef
  402:25  warning  'temp2' is not defined                          no-undef
  402:35  warning  'temp1' is not defined                          no-undef
  403:28  warning  'temp1' is not defined                          no-undef
  403:46  warning  'temp1' is not defined                          no-undef
  403:60  warning  'temp2' is not defined                          no-undef
  403:69  warning  'den' is not defined                            no-undef
  418:7   warning  'graph2X' is assigned a value but never used    no-unused-vars
  447:7   warning  'mu' is not defined                             no-undef
  448:7   warning  'temp1' is not defined                          no-undef
  449:7   warning  'temp2' is not defined                          no-undef
  450:7   warning  'den' is not defined                            no-undef
  450:19  warning  'mu' is not defined                             no-undef
  450:25  warning  'temp2' is not defined                          no-undef
  450:35  warning  'temp1' is not defined                          no-undef
  451:11  warning  'solution' is already defined                   no-redeclare
  451:31  warning  'temp1' is not defined                          no-undef
  451:45  warning  'temp2' is not defined                          no-undef
  451:54  warning  'den' is not defined                            no-undef
  465:10  warning  'plotgraph' is defined but never used           no-unused-vars

✖ 242 problems (0 errors, 242 warnings)

